-------------------------------------------------------------------------------
Test set: OrderTest
-------------------------------------------------------------------------------
Tests run: 4, Failures: 1, Errors: 0, Skipped: 0, Time elapsed: 16.463 s <<< FAILURE! - in OrderTest
createOrderWithoutLogin(OrderTest)  Time elapsed: 3.344 s  <<< FAILURE!
java.lang.AssertionError: 
1 expectation failed.
Expected status code <401> but was <200>.

	at OrderTest.createOrderWithoutLogin(OrderTest.java:114)

